::1 - - [30/Jul/2025 07:30:37] "HEAD /os_analyzer.html HTTP/1.1" 200 -
::1 - - [30/Jul/2025 07:31:01] "GET /os_analyzer.html HTTP/1.1" 200 -
::1 - - [30/Jul/2025 07:31:01] "GET /css/main.css HTTP/1.1" 200 -
::1 - - [30/Jul/2025 07:31:01] "GET /css/components.css HTTP/1.1" 200 -
::1 - - [30/Jul/2025 07:31:01] "GET /css/animations.css HTTP/1.1" 200 -
::1 - - [30/Jul/2025 07:31:01] "GET /css/interactive-ui.css HTTP/1.1" 200 -
::1 - - [30/Jul/2025 07:31:01] "GET /css/strategic-dashboard.css HTTP/1.1" 200 -
::1 - - [30/Jul/2025 07:31:01] "GET /css/critical-productive-card.css HTTP/1.1" 200 -
::1 - - [30/Jul/2025 07:31:01] "GET /js/shared/core/BaseComponent.js HTTP/1.1" 200 -
::1 - - [30/Jul/2025 07:31:01] "GET /css/premium-integration.css HTTP/1.1" 200 -
::1 - - [30/Jul/2025 07:31:01] "GET /js/shared/core/DataManager.js HTTP/1.1" 200 -
::1 - - [30/Jul/2025 07:31:01] "GET /js/shared/core/StorageManager.js HTTP/1.1" 200 -
::1 - - [30/Jul/2025 07:31:01] "GET /js/shared/core/ErrorHandler.js HTTP/1.1" 200 -
::1 - - [30/Jul/2025 07:31:01] "GET /js/shared/core/CrossPlatformBridge.js HTTP/1.1" 200 -
::1 - - [30/Jul/2025 07:31:01] "GET /js/shared/core/DiagnosisDataFormat.js HTTP/1.1" 200 -
::1 - - [30/Jul/2025 07:31:01] "GET /js/shared/utils/validators.js HTTP/1.1" 200 -
::1 - - [30/Jul/2025 07:31:01] "GET /js/shared/utils/animations.js HTTP/1.1" 200 -
::1 - - [30/Jul/2025 07:31:01] "GET /js/shared/data/questions.js HTTP/1.1" 200 -
::1 - - [30/Jul/2025 07:31:01] "GET /js/data/data_box.js HTTP/1.1" 200 -
::1 - - [30/Jul/2025 07:31:01] "GET /js/data/compatibility_definition.js HTTP/1.1" 200 -
::1 - - [30/Jul/2025 07:31:01] "GET /js/shared/data/vectors.js HTTP/1.1" 200 -
::1 - - [30/Jul/2025 07:31:01] "GET /assets/os_manual_database.js HTTP/1.1" 200 -
::1 - - [30/Jul/2025 07:31:01] "GET /js/os-analyzer/data/hexagrams.js HTTP/1.1" 200 -
::1 - - [30/Jul/2025 07:31:01] "GET /js/os-analyzer/data/hexagram_details.js HTTP/1.1" 200 -
::1 - - [30/Jul/2025 07:31:01] "GET /js/os-analyzer/data/compatibility_matrix.js HTTP/1.1" 200 -
::1 - - [30/Jul/2025 07:31:01] "GET /js/os-analyzer/data/action_plans.js HTTP/1.1" 200 -
::1 - - [30/Jul/2025 07:31:01] "GET /js/os-analyzer/core/Calculator.js HTTP/1.1" 200 -
::1 - - [30/Jul/2025 07:31:01] "GET /js/os-analyzer/engines/CompatibilityDataLoader.js HTTP/1.1" 200 -
::1 - - [30/Jul/2025 07:31:01] "GET /js/os-analyzer/core/Engine.js HTTP/1.1" 200 -
::1 - - [30/Jul/2025 07:31:01] "GET /js/os-analyzer/core/ShadowAnalyzer.js HTTP/1.1" 200 -
::1 - - [30/Jul/2025 07:31:01] "GET /js/os-analyzer/core/IChingUltraSyncLogic.js HTTP/1.1" 200 -
::1 - - [30/Jul/2025 07:31:01] "GET /js/os-analyzer/core/CriticalThinkingEngine.js HTTP/1.1" 200 -
::1 - - [30/Jul/2025 07:31:01] "GET /js/os-analyzer/core/LowScoreAnalyzer.js HTTP/1.1" 200 -
::1 - - [30/Jul/2025 07:31:01] "GET /js/os-analyzer/core/TripleOSEngine.js HTTP/1.1" 200 -
::1 - - [30/Jul/2025 07:31:01] "GET /js/os-analyzer/core/TransparencyEngine.js HTTP/1.1" 200 -
::1 - - [30/Jul/2025 07:31:01] "GET /js/os-analyzer/core/DynamicAnalyzer.js HTTP/1.1" 200 -
::1 - - [30/Jul/2025 07:31:01] "GET /js/os-analyzer/core/PersonalStrategyAI.js HTTP/1.1" 200 -
::1 - - [30/Jul/2025 07:31:01] "GET /js/os-analyzer/core/AdaptiveLanguage.js HTTP/1.1" 200 -
::1 - - [30/Jul/2025 07:31:01] "GET /js/os-analyzer/engines/CompatibilityEngine.js HTTP/1.1" 200 -
::1 - - [30/Jul/2025 07:31:01] "GET /js/os-analyzer/components/WelcomeScreen.js HTTP/1.1" 200 -
::1 - - [30/Jul/2025 07:31:01] "GET /js/os-analyzer/engines/InsightEngine.js HTTP/1.1" 200 -
::1 - - [30/Jul/2025 07:31:01] "GET /js/os-analyzer/components/AnalysisView.js HTTP/1.1" 200 -
::1 - - [30/Jul/2025 07:31:01] "GET /js/os-analyzer/components/QuestionFlow.js HTTP/1.1" 200 -
::1 - - [30/Jul/2025 07:31:01] "GET /js/os-analyzer/components/ResultsView.js HTTP/1.1" 200 -
::1 - - [30/Jul/2025 07:31:01] "GET /js/components/TripleOSResultsView.js HTTP/1.1" 200 -
::1 - - [30/Jul/2025 07:31:01] "GET /js/components/TripleOSStrategicView.js HTTP/1.1" 200 -
::1 - - [30/Jul/2025 07:31:01] "GET /js/components/InsightPanel.js HTTP/1.1" 200 -
::1 - - [30/Jul/2025 07:31:01] "GET /js/components/CriticalProductiveCard.js HTTP/1.1" 200 -
::1 - - [30/Jul/2025 07:31:01] "GET /js/app.js HTTP/1.1" 200 -
::1 - - [30/Jul/2025 07:31:02] code 404, message File not found
::1 - - [30/Jul/2025 07:31:02] "GET /favicon.ico HTTP/1.1" 404 -
::1 - - [30/Jul/2025 07:32:18] "GET /test_modules.html HTTP/1.1" 200 -
